<?xml version="1.0" encoding="UTF-8"?>
<testsuite xmlns:xsi="http://www.w3.org/2001/XMLSchema-instance" xsi:noNamespaceSchemaLocation="https://maven.apache.org/surefire/maven-surefire-plugin/xsd/surefire-test-report.xsd" name="org.geysermc.connector.network.translators.chat.MessageTranslatorTest" time="0.511" tests="2" errors="0" skipped="0" failures="0">
  <properties>
[...]
</properties>
  <testcase name="convertMessage" classname="org.geysermc.connector.network.translators.chat.MessageTranslatorTest" time="0.198"/>
  <testcase name="convertMessageLenient" classname="org.geysermc.connector.network.translators.chat.MessageTranslatorTest" time="0.235"/>
</testsuite>